<?xml version="1.0" encoding="UTF-8"?>
<!-- Generated by org.testng.reporters.JUnitReportReporter -->
<testsuite hostname="LIN30000365" failures="0" tests="1" name="Uniform.ValidateProductReturnPage" time="11.117" errors="0" timestamp="10 Jun 2022 20:50:33 GMT">
  <testcase classname="Uniform.ValidateProductReturnPage" name="initialize" time="11.117"/>
</testsuite> <!-- Uniform.ValidateProductReturnPage -->
