<?xml version="1.0" encoding="UTF-8"?>
<!-- Generated by org.testng.reporters.JUnitReportReporter -->
<testsuite hostname="LIN30000365" failures="0" tests="1" name="Uniform.ValidateLogin" time="9.296" errors="0" timestamp="10 Jun 2022 20:50:33 GMT">
  <testcase classname="Uniform.ValidateLogin" name="initialize" time="9.296"/>
</testsuite> <!-- Uniform.ValidateLogin -->
